#
# A fatal error has been detected by the Java Runtime Environment:
#
#  SIGSEGV (0xb) at pc=0x0000000000000000, pid=15205, tid=0x0000000000002403
#
# JRE version: OpenJDK Runtime Environment (8.0_112-b05) (build 1.8.0_112-release-b05)
# Java VM: OpenJDK 64-Bit Server VM (25.112-b05 mixed mode bsd-amd64 compressed oops)
# Problematic frame:
# C  0x0000000000000000
#
# Failed to write core dump. Core dumps have been disabled. To enable core dumping, try "ulimit -c unlimited" before starting Java again
#
# If you would like to submit a bug report, please visit:
#   http://bugreport.java.com/bugreport/crash.jsp
#

---------------  T H R E A D  ---------------

Current thread (0x00007fcc4c803800):  GCTaskThread [stack: 0x000070000021d000,0x000070000031d000] [id=9219]

siginfo: si_signo: 11 (SIGSEGV), si_code: 1 (SEGV_MAPERR), si_addr: 0x0000000000000000

Registers:
RAX=0x00000007c0001c20, RBX=0x00007fcc4ae06c60, RCX=0x0000000000004603, RDX=0x00000007630689a0
RSP=0x000070000031cc58, RBP=0x000070000031cce0, RSI=0x00007fcc4ae06c60, RDI=0x00000007c0001e10
R8 =0x000000000000005f, R9 =0x000000000000208a, R10=0x0000000000044001, R11=0x0000000000200000
R12=0x00000007630689a0, R13=0x0000000104fd7999, R14=0x00007fcc4ae06c68, R15=0x00000001051e2d60
RIP=0x0000000000000000, EFLAGS=0x0000000000010202, ERR=0x0000000000000014
  TRAPNO=0x000000000000000e

Top of Stack: (sp=0x000070000031cc58)
0x000070000031cc58:   0000000104e8a8a4 0000000000000000
0x000070000031cc68:   00007fcc4ae06ca0 00007fcc4ae06ce8
0x000070000031cc78:   00007fcc4ae06d20 000070000031ccb0
0x000070000031cc88:   0000000104cb31ab 00000007630689a0
0x000070000031cc98:   000070000031cd88 0000000000000078
0x000070000031cca8:   000000010529f3b0 000070000031cce0
0x000070000031ccb8:   00007fcc4ae06c60 0000000000000000
0x000070000031ccc8:   0000000104fd7999 000070000031cd88
0x000070000031ccd8:   0000000000000001 000070000031cdb0
0x000070000031cce8:   0000000104e7d42f 0000000000000000
0x000070000031ccf8:   0000000100000000 00007fcc4ad0ca68
0x000070000031cd08:   051cef0000000000 0000000000000000
0x000070000031cd18:   0000000000000000 0000000000000000
0x000070000031cd28:   00007fcc4ad0ca84 000070000031cd80
0x000070000031cd38:   00007fcc4ad0ca00 0000000000000000
0x000070000031cd48:   0000000104fb64f0 00007fcc4ad0ca28
0x000070000031cd58:   0000000000000003 000070000031cd80
0x000070000031cd68:   0000000104e55aba 0000000105278ed0
0x000070000031cd78:   00007fcc4af06800 000070000031cd88
0x000070000031cd88:   0000000105278ea0 0000000000000000
0x000070000031cd98:   00007fcc4ae06c60 00007fcc4c803800
0x000070000031cda8:   00007fcc4ae05520 000070000031ce90
0x000070000031cdb8:   0000000104c6bc37 000070000031cdf0
0x000070000031cdc8:   00007fcc4af06b80 00007fcc4af06bb0
0x000070000031cdd8:   00007fcc4af06bc0 00007fcc4af06f98
0x000070000031cde8:   00000000000003d8 00007fcc4c803800
0x000070000031cdf8:   00007fcc4af06fa0 00007fcc4af06fe0
0x000070000031ce08:   00007fcc4af06ff0 00007fcc4af070c8
0x000070000031ce18:   00000000000000d8 000070000031ce30
0x000070000031ce28:   0000000000000000 00007fcc4c803800
0x000070000031ce38:   00007fcc4af06fa0 00007fcc4af06fe0
0x000070000031ce48:   00007fcc4af06ff0 00007fcc4af070c8 

Instructions: (pc=0x0000000000000000)
0xffffffffffffffe0:   

Register to memory mapping:

RAX=0x00000007c0001c20 is pointing into metadata
RBX=0x00007fcc4ae06c60 is an unknown value
RCX=0x0000000000004603 is an unknown value
RDX=0x00000007630689a0 is an oop
